<?xml version="1.0" encoding="UTF-8"?>
<!-- Generated by org.testng.reporters.JUnitReportReporter -->
<testsuite hostname="Girish_PC" failures="0" tests="7" name="com.salesforce.automation.SalesforceAccount" time="87.917" errors="0" timestamp="2024-02-21T21:17:42 EST" skipped="0">
  <testcase classname="com.salesforce.automation.SalesforceAccount" name="Createaccountreport_TC14" time="19.611"/>
  <system-out/>
  <testcase classname="com.salesforce.automation.SalesforceAccount" name="MergeAccounts_TC13" time="13.682"/>
  <system-out/>
  <testcase classname="com.salesforce.automation.SalesforceAccount" name="Createnewview_TC11" time="8.966"/>
  <system-out/>
  <testcase classname="com.salesforce.automation.SalesforceAccount" name="CreateAccount_TC10" time="11.931"/>
  <system-out/>
  <testcase classname="com.salesforce.automation.SalesforceAccount" name="Editview_TC12" time="11.357"/>
  <system-out/>
  <testcase classname="com.salesforce.automation.SalesforceAccount" name="removeaccountstab" time="10.546"/>
  <system-out/>
  <testcase classname="com.salesforce.automation.SalesforceAccount" name="CreateAccountTab_TC10a" time="11.824"/>
  <system-out/>
</testsuite> <!-- com.salesforce.automation.SalesforceAccount -->
