<?xml version="1.0" encoding="UTF-8"?>
<!-- Generated by org.testng.reporters.JUnitReportReporter -->
<testsuite hostname="Girish_PC" failures="0" tests="5" name="com.salesforce.automation.SalesforceLogin" time="23.453" errors="0" timestamp="2024-02-21T21:17:42 EST" skipped="0">
  <testcase classname="com.salesforce.automation.SalesforceLogin" name="ValidateLoginErrorMessage_TC4B" time="2.492"/>
  <system-out/>
  <testcase classname="com.salesforce.automation.SalesforceLogin" name="LoginToSalesForce_TC2" time="6.366"/>
  <system-out/>
  <testcase classname="com.salesforce.automation.SalesforceLogin" name="CheckRemeberMe_TC3" time="9.181"/>
  <system-out/>
  <testcase classname="com.salesforce.automation.SalesforceLogin" name="LoginErrorMessage_TC1" time="3.246"/>
  <system-out/>
  <testcase classname="com.salesforce.automation.SalesforceLogin" name="ForgotPassword_TC4A" time="2.168"/>
  <system-out/>
</testsuite> <!-- com.salesforce.automation.SalesforceLogin -->
