<?xml version="1.0" encoding="UTF-8"?>
<!-- Generated by org.testng.reporters.JUnitReportReporter -->
<testsuite hostname="Girish_PC" failures="0" tests="1" name="com.salesforce.automation.SalesforceAccount" time="8.616" errors="0" timestamp="2024-02-21T10:51:00 EST" skipped="0">
  <testcase classname="com.salesforce.automation.SalesforceAccount" name="accountviewname" time="8.616"/>
  <system-out/>
</testsuite> <!-- com.salesforce.automation.SalesforceAccount -->
