<?xml version="1.0" encoding="UTF-8"?>
<!-- Generated by org.testng.reporters.JUnitReportReporter -->
<testsuite hostname="Girish_PC" failures="0" tests="5" name="com.salesforce.automation.SalesforceLogin" time="28.378" errors="0" timestamp="2024-02-20T18:01:02 EST" skipped="0">
  <testcase classname="com.salesforce.automation.SalesforceLogin" name="CheckRemeberMe_TC3" time="7.658"/>
  <system-out/>
  <testcase classname="com.salesforce.automation.SalesforceLogin" name="LoginToSalesForce_TC2" time="6.846"/>
  <system-out/>
  <testcase classname="com.salesforce.automation.SalesforceLogin" name="ForgotPassword_TC4A" time="2.008"/>
  <system-out/>
  <testcase classname="com.salesforce.automation.SalesforceLogin" name="ValidateLoginErrorMessage_TC4B" time="10.153"/>
  <system-out/>
  <testcase classname="com.salesforce.automation.SalesforceLogin" name="LoginErrorMessage_TC1" time="1.713"/>
  <system-out/>
</testsuite> <!-- com.salesforce.automation.SalesforceLogin -->
