<?xml version="1.0" encoding="UTF-8"?>
<!-- Generated by org.testng.reporters.JUnitReportReporter -->
<testsuite hostname="Girish_PC" failures="0" tests="5" name="com.salesforce.automation.SalesforceOpportunity" time="38.881" errors="0" timestamp="2024-02-21T21:17:42 EST" skipped="0">
  <testcase classname="com.salesforce.automation.SalesforceOpportunity" name="Newopportunity_TC16" time="7.589"/>
  <system-out/>
  <testcase classname="com.salesforce.automation.SalesforceOpportunity" name="opportunitydropdown_TC15" time="8.262"/>
  <system-out/>
  <testcase classname="com.salesforce.automation.SalesforceOpportunity" name="StuckOpportunitiesReport_TC18" time="7.318"/>
  <system-out/>
  <testcase classname="com.salesforce.automation.SalesforceOpportunity" name="QuarterlySummaryReport_TC19" time="8.451"/>
  <system-out/>
  <testcase classname="com.salesforce.automation.SalesforceOpportunity" name="OpportunityPipelineReport_TC17" time="7.261"/>
  <system-out/>
</testsuite> <!-- com.salesforce.automation.SalesforceOpportunity -->
