<?xml version="1.0" encoding="UTF-8"?>
<!-- Generated by org.testng.reporters.JUnitReportReporter -->
<testsuite hostname="Girish_PC" failures="0" tests="5" name="com.salesforce.automation.SalesforceLeads" time="59.063" errors="0" timestamp="2024-02-21T21:17:42 EST" skipped="0">
  <testcase classname="com.salesforce.automation.SalesforceLeads" name="ValidateDefaultView_TC22" time="17.218"/>
  <system-out/>
  <testcase classname="com.salesforce.automation.SalesforceLeads" name="newleadbutton_TC24" time="10.598"/>
  <system-out/>
  <testcase classname="com.salesforce.automation.SalesforceLeads" name="LeadsSelectView_TC21" time="6.851"/>
  <system-out/>
  <testcase classname="com.salesforce.automation.SalesforceLeads" name="CheckLeadsTab_TC20" time="7.153"/>
  <system-out/>
  <testcase classname="com.salesforce.automation.SalesforceLeads" name="ValidateselectedView_TC23" time="17.243"/>
  <system-out/>
</testsuite> <!-- com.salesforce.automation.SalesforceLeads -->
