<?xml version="1.0" encoding="UTF-8"?>
<!-- Generated by org.testng.reporters.JUnitReportReporter -->
<testsuite hostname="Girish_PC" failures="0" tests="5" name="com.salesforce.automation.SalesforceOpportunity" time="36.473" errors="0" timestamp="2024-02-20T18:31:35 EST" skipped="0">
  <testcase classname="com.salesforce.automation.SalesforceOpportunity" name="OpportunityPipelineReport_TC17" time="7.169"/>
  <system-out/>
  <testcase classname="com.salesforce.automation.SalesforceOpportunity" name="Newopportunity_TC16" time="9.323"/>
  <system-out/>
  <testcase classname="com.salesforce.automation.SalesforceOpportunity" name="StuckOpportunitiesReport_TC18" time="7.057"/>
  <system-out/>
  <testcase classname="com.salesforce.automation.SalesforceOpportunity" name="opportunitydropdown_TC15" time="6.493"/>
  <system-out/>
  <testcase classname="com.salesforce.automation.SalesforceOpportunity" name="QuarterlySummaryReport_TC19" time="6.431"/>
  <system-out/>
</testsuite> <!-- com.salesforce.automation.SalesforceOpportunity -->
