<?xml version="1.0" encoding="UTF-8"?>
<!-- Generated by org.testng.reporters.JUnitReportReporter -->
<testsuite hostname="Girish_PC" failures="0" tests="5" name="com.salesforce.automation.SalesforceLeads" time="53.281" errors="0" timestamp="2024-02-20T20:48:42 EST" skipped="0">
  <testcase classname="com.salesforce.automation.SalesforceLeads" name="ValidateselectedView_TC23" time="11.836"/>
  <system-out/>
  <testcase classname="com.salesforce.automation.SalesforceLeads" name="LeadsSelectView_TC21" time="8.804"/>
  <system-out/>
  <testcase classname="com.salesforce.automation.SalesforceLeads" name="ValidateDefaultView_TC22" time="15.791"/>
  <system-out/>
  <testcase classname="com.salesforce.automation.SalesforceLeads" name="newleadbutton_TC24" time="9.689"/>
  <system-out/>
  <testcase classname="com.salesforce.automation.SalesforceLeads" name="CheckLeadsTab_TC20" time="7.161"/>
  <system-out/>
</testsuite> <!-- com.salesforce.automation.SalesforceLeads -->
