<?xml version="1.0" encoding="UTF-8"?>
<!-- Generated by org.testng.reporters.JUnitReportReporter -->
<testsuite hostname="Girish_PC" failures="0" tests="8" name="com.salesforce.automation.SalesforceContacts" time="57.434" errors="0" timestamp="2024-02-21T21:17:42 EST" skipped="0">
  <testcase classname="com.salesforce.automation.SalesforceContacts" name="validatecreatedcontact_TC27" time="5.898"/>
  <system-out/>
  <testcase classname="com.salesforce.automation.SalesforceContacts" name="save_New_TC32" time="7.727"/>
  <system-out/>
  <testcase classname="com.salesforce.automation.SalesforceContacts" name="viewcontact_TC29" time="6.432"/>
  <system-out/>
  <testcase classname="com.salesforce.automation.SalesforceContacts" name="CreateNewContact_TC25" time="7.870"/>
  <system-out/>
  <testcase classname="com.salesforce.automation.SalesforceContacts" name="MyContactsViewTC_28" time="6.312"/>
  <system-out/>
  <testcase classname="com.salesforce.automation.SalesforceContacts" name="CreateNewViewContact_TC26" time="7.018"/>
  <system-out/>
  <testcase classname="com.salesforce.automation.SalesforceContacts" name="cancelcreatenewview_TC31" time="7.104"/>
  <system-out/>
  <testcase classname="com.salesforce.automation.SalesforceContacts" name="errormsgcontactview_TC30" time="9.073"/>
  <system-out/>
</testsuite> <!-- com.salesforce.automation.SalesforceContacts -->
