<?xml version="1.0" encoding="UTF-8"?>
<!-- Generated by org.testng.reporters.JUnitReportReporter -->
<testsuite hostname="Girish_PC" failures="0" tests="1" name="com.salesforce.automation.SalesforceUserMenu" time="29.127" errors="0" timestamp="2024-02-21T10:15:35 EST" skipped="0">
  <testcase classname="com.salesforce.automation.SalesforceUserMenu" name="chatterappmenu" time="29.127"/>
  <system-out/>
</testsuite> <!-- com.salesforce.automation.SalesforceUserMenu -->
