<?xml version="1.0" encoding="UTF-8"?>
<!-- Generated by org.testng.reporters.JUnitReportReporter -->
<testsuite hostname="Girish_PC" failures="0" tests="1" name="com.salesforce.automation.SalesforceContacts" time="9.128" errors="0" timestamp="2024-02-20T19:01:02 EST" skipped="0">
  <testcase classname="com.salesforce.automation.SalesforceContacts" name="CreateNewViewContact_TC26" time="9.128"/>
  <system-out/>
</testsuite> <!-- com.salesforce.automation.SalesforceContacts -->
