<?xml version="1.0" encoding="UTF-8"?>
<!-- Generated by org.testng.reporters.JUnitReportReporter -->
<testsuite hostname="Girish_PC" failures="0" tests="2" name="com.salesforce.automation.SalesforceUserMenu" time="44.104" errors="0" timestamp="2024-02-21T21:29:43 EST" skipped="0">
  <testcase classname="com.salesforce.automation.SalesforceUserMenu" name="mysettings_TC07" time="16.012"/>
  <system-out/>
  <testcase classname="com.salesforce.automation.SalesforceUserMenu" name="chatterappmenu" time="28.092"/>
  <system-out/>
</testsuite> <!-- com.salesforce.automation.SalesforceUserMenu -->
